<?xml version="1.0" encoding="UTF-8"?>
<testsuite name="com.example.project.TestWordPair" tests="2" skipped="0" failures="0" errors="0" timestamp="2025-02-14T13:29:52" hostname="codespaces-98a1c6" time="0.026">
  <properties/>
  <testcase name="testPARTA()" classname="com.example.project.TestWordPair" time="0.024"/>
  <testcase name="testPARTB()" classname="com.example.project.TestWordPair" time="0.0"/>
  <system-out><![CDATA[]]></system-out>
  <system-err><![CDATA[]]></system-err>
</testsuite>
